01545766848
1545766848
1545766848
1545766848
1545766848
1545766848
1545766848
1545766848
1545766848
1545766848
1545766848
1545766848
1545766848
1545766848
1545766848
1545766848
1545766848
1545766848
1545766848
1545766848
1545766848
1545766848
1545766848
1545766848
1545766848
1545766848
1545766848
1545766848
1545766848
1545766848
1545766848
1545766848
1545766848
1545766848
1545766848
1545766848
1545766848
1545766848
1545766848
1545766848
1545766848
1545766848
1545766848
1545766848
1545766848
1545766848
1545766848
1545766848
1545766848
1545766848
1545766848
1545766848
1545766848
1545766848
1545766848
1545766848
1545766848
1545766848
1545766848
1545766848
1545766848
1545766848
1545766848
1545766848
1545766848
1545766848
1545766848
1545766848
1545766848
1545766848
1545766848
1545766848
1545766848
1545766848
1545766848
1545766848
1545766848
1545766848
1545766848
1545766848
1545766848
1545766848
1545766848
1545766848
1545766848
1545766848
1545766848
1545766848
1545766848
1545766848
1545766848
1545766848
1545766848
1545766848
1545766848
1545766848
1545766848
1545766848
1545766848
1545766848
